<?xml version="1.0" encoding="UTF-8"?>
<testng-results ignored="0" total="1" passed="1" failed="0" skipped="0">
  <reporter-output>
  </reporter-output>
  <suite started-at="2020-03-05T08:57:20 CST" name="Default suite" finished-at="2020-03-05T08:57:48 CST" duration-ms="28518">
    <groups>
    </groups>
    <test started-at="2020-03-05T08:57:20 CST" name="Default test" finished-at="2020-03-05T08:57:48 CST" duration-ms="28518">
      <class name="Testcase.Medical">
        <test-method signature="createPatient()[pri:0, instance:Testcase.Medical@6a01e23]" started-at="2020-03-05T08:57:20 CST" name="createPatient" finished-at="2020-03-05T08:57:48 CST" duration-ms="28409" status="PASS">
          <reporter-output>
          </reporter-output>
        </test-method> <!-- createPatient -->
      </class> <!-- Testcase.Medical -->
    </test> <!-- Default test -->
  </suite> <!-- Default suite -->
</testng-results>
